info: AWStatsMakeover v1.0
info: ---------------------------------------------------------
info: debug: undefined
info: config: config.json
info: awstatsConfig: undefined
info: outputPath: undefined
info: AWStatsMakeover v1.0
info: ---------------------------------------------------------
info: debug: undefined
info: config: config.json
info: awstatsConfig: undefined
info: outputPath: undefined
info: ---------------------------------------------------------
error: test error
info: AWStatsMakeover v1.0
info: ---------------------------------------------------------
info: debug: undefined
info: config: config.json
info: awstatsConfig: undefined
info: outputPath: undefined
info: ---------------------------------------------------------
info: AWStatsMakeover v1.0
info: ---------------------------------------------------------
info: debug: false
info: config: config.json
info: ---------------------------------------------------------
